<?xml version="1.0" encoding="UTF-8"?>
<!-- Generated by org.testng.reporters.JUnitReportReporter -->
<testsuite skipped="0" hostname="SREESAI-305" name="testngpackage.TestNGweek7" tests="1" failures="0" timestamp="2021-08-30T10:02:21 IST" time="0.006" errors="0">
  <testcase name="f" time="0.006" classname="testngpackage.TestNGweek7"/>
  <system-out/>
</testsuite> <!-- testngpackage.TestNGweek7 -->
